The current applications compiled for K80 GPUS are:
      GROMACS/5.1      -> module purge; module load K80 gcc/4.9.3 intel/15.0.0 cuda/7.5 impi/5.1.3.210 mkl/11.3.3 GROMACS/5.1-plumed2.2.3
      GROMACS/5.1.2    -> module purge; module load K80 intel/15.0.0 impi/5.1.3.181 cuda/7.5 mkl/11.2 GROMACS/5.1.2
      NAMD/2.9         -> module purge; module load K80 bullxmpi/bullxmpi-1.2.9.1 cuda/7.5 NAMD/2.9
      AMBER/14         -> module purge; module load K80 intel/16.0.2 bullxmpi/bullxmpi-1.2.9.1 cuda/7.5 mkl/11.3.2 AMBER/14
      AMBER/16	       -> module purge; module load K80 intel/16.0.3 bullxmpi/bullxmpi-1.2.9.1 cuda/7.5 mkl/11.3.3 AMBER/16
      LAMMPS/14May16   -> module purge; module load K80 gcc/4.9.1 intel/16.0.2 bullxmpi/bullxmpi-1.2.9.1 cuda/7.5 mkl/11.3.2 hdf5/1.8.13 lammps/14May16
      PYTHON/2.7.12_ML -> module purge; module load K80 cuda/7.5 mkl/2017.0.098 CUDNN/5.1.3 intel-opencl/2016 python/2.7.12_ML
      PYTHON/3.5.2_ML  -> module purge; module load K80 cuda/7.5 mkl/2017.0.098 CUDNN/5.1.3 python/3.5.2_ML
      PYTHON/3.6.0_ML  -> (DEPRECATED) module purge; module load K80 cuda/7.5 mkl/2017.0.098 CUDNN/5.1.3 intel-opencl/2016 python/3.6.0_ML
      PYTHON/3.6.0+_ML -> module purge; module load K80 cuda/8.0 mkl/2017.1 CUDNN/5.1.10-cuda_8.0 intel-opencl/2016 python/3.6.0+_ML
        |-> TensorFlow
        |-> Theano (+ gpuarray support)
        |-> Keras
        |-> Caffe
        |-> Scikit-learn

load mkl/2017.1 (LD_LIBRARY_PATH)
load CUDNN/5.1.10-cuda_8.0 (LD_LIBRARY_PATH, LIBRARY_PATH, C_INCLUDE_PATH, CPLUS_INCLUDE_PATH)
load intel-opencl/2016 (PATH, LD_LIBRARY_PATH, OPENCL_VENDOR_PATH, OPENCL_INC, OPENCL_LIB)
load python/3.6.0+_ML (PATH, MANPATH, LD_LIBRARY_PATH, C_INCLUDE_PATH, CPLUS_INCLUDE_PATH, PYTHONHOME, PYTHONPATH, THEANO_FLAGS)
W tensorflow/stream_executor/cuda/cuda_driver.cc:590] creating context when one is currently active; existing: 0x1bc3440
W tensorflow/stream_executor/cuda/cuda_driver.cc:590] creating context when one is currently active; existing: 0x1bb52f0
W tensorflow/stream_executor/cuda/cuda_driver.cc:590] creating context when one is currently active; existing: 0x1c27070
W tensorflow/stream_executor/cuda/cuda_driver.cc:590] creating context when one is currently active; existing: 0x1774440
W tensorflow/stream_executor/cuda/cuda_driver.cc:590] creating context when one is currently active; existing: 0x17662f0
W tensorflow/stream_executor/cuda/cuda_driver.cc:590] creating context when one is currently active; existing: 0x17d8070
W tensorflow/stream_executor/cuda/cuda_driver.cc:590] creating context when one is currently active; existing: 0x158f440
W tensorflow/stream_executor/cuda/cuda_driver.cc:590] creating context when one is currently active; existing: 0x15812f0
W tensorflow/stream_executor/cuda/cuda_driver.cc:590] creating context when one is currently active; existing: 0x15f3070
WARNING:tensorflow:From mfb_cross_backup.py:380: initialize_all_variables (from tensorflow.python.ops.variables) is deprecated and will be removed after 2017-03-02.
Instructions for updating:
Use `tf.global_variables_initializer` instead.
WARNING:tensorflow:From mfb_cross_backup.py:380: initialize_all_variables (from tensorflow.python.ops.variables) is deprecated and will be removed after 2017-03-02.
Instructions for updating:
Use `tf.global_variables_initializer` instead.
WARNING:tensorflow:From mfb_cross_backup.py:380: initialize_all_variables (from tensorflow.python.ops.variables) is deprecated and will be removed after 2017-03-02.
Instructions for updating:
Use `tf.global_variables_initializer` instead.
W tensorflow/core/common_runtime/bfc_allocator.cc:217] Ran out of memory trying to allocate 2.43GiB. The caller indicates that this is not a failure, but may mean that there could be performance gains if more memory is available.
W tensorflow/core/common_runtime/bfc_allocator.cc:217] Ran out of memory trying to allocate 2.43GiB. The caller indicates that this is not a failure, but may mean that there could be performance gains if more memory is available.
W tensorflow/core/common_runtime/bfc_allocator.cc:217] Ran out of memory trying to allocate 2.43GiB. The caller indicates that this is not a failure, but may mean that there could be performance gains if more memory is available.
W tensorflow/core/common_runtime/bfc_allocator.cc:217] Ran out of memory trying to allocate 2.43GiB. The caller indicates that this is not a failure, but may mean that there could be performance gains if more memory is available.
W tensorflow/core/common_runtime/bfc_allocator.cc:217] Ran out of memory trying to allocate 2.43GiB. The caller indicates that this is not a failure, but may mean that there could be performance gains if more memory is available.
W tensorflow/core/common_runtime/bfc_allocator.cc:217] Ran out of memory trying to allocate 2.43GiB. The caller indicates that this is not a failure, but may mean that there could be performance gains if more memory is available.
W tensorflow/core/common_runtime/bfc_allocator.cc:217] Ran out of memory trying to allocate 2.43GiB. The caller indicates that this is not a failure, but may mean that there could be performance gains if more memory is available.
W tensorflow/core/common_runtime/bfc_allocator.cc:217] Ran out of memory trying to allocate 2.43GiB. The caller indicates that this is not a failure, but may mean that there could be performance gains if more memory is available.
W tensorflow/core/common_runtime/bfc_allocator.cc:217] Ran out of memory trying to allocate 2.43GiB. The caller indicates that this is not a failure, but may mean that there could be performance gains if more memory is available.
W tensorflow/core/common_runtime/bfc_allocator.cc:217] Ran out of memory trying to allocate 2.43GiB. The caller indicates that this is not a failure, but may mean that there could be performance gains if more memory is available.
W tensorflow/core/common_runtime/bfc_allocator.cc:217] Ran out of memory trying to allocate 2.43GiB. The caller indicates that this is not a failure, but may mean that there could be performance gains if more memory is available.
W tensorflow/core/common_runtime/bfc_allocator.cc:217] Ran out of memory trying to allocate 2.43GiB. The caller indicates that this is not a failure, but may mean that there could be performance gains if more memory is available.
W tensorflow/core/common_runtime/bfc_allocator.cc:217] Ran out of memory trying to allocate 2.43GiB. The caller indicates that this is not a failure, but may mean that there could be performance gains if more memory is available.
W tensorflow/core/common_runtime/bfc_allocator.cc:217] Ran out of memory trying to allocate 2.43GiB. The caller indicates that this is not a failure, but may mean that there could be performance gains if more memory is available.
W tensorflow/core/common_runtime/bfc_allocator.cc:217] Ran out of memory trying to allocate 2.43GiB. The caller indicates that this is not a failure, but may mean that there could be performance gains if more memory is available.
W tensorflow/core/common_runtime/bfc_allocator.cc:217] Ran out of memory trying to allocate 2.43GiB. The caller indicates that this is not a failure, but may mean that there could be performance gains if more memory is available.
W tensorflow/core/common_runtime/bfc_allocator.cc:217] Ran out of memory trying to allocate 2.43GiB. The caller indicates that this is not a failure, but may mean that there could be performance gains if more memory is available.
W tensorflow/core/common_runtime/bfc_allocator.cc:217] Ran out of memory trying to allocate 2.43GiB. The caller indicates that this is not a failure, but may mean that there could be performance gains if more memory is available.
W tensorflow/core/common_runtime/bfc_allocator.cc:217] Ran out of memory trying to allocate 2.43GiB. The caller indicates that this is not a failure, but may mean that there could be performance gains if more memory is available.
W tensorflow/core/common_runtime/bfc_allocator.cc:217] Ran out of memory trying to allocate 2.43GiB. The caller indicates that this is not a failure, but may mean that there could be performance gains if more memory is available.
W tensorflow/core/common_runtime/bfc_allocator.cc:217] Ran out of memory trying to allocate 2.43GiB. The caller indicates that this is not a failure, but may mean that there could be performance gains if more memory is available.
W tensorflow/core/common_runtime/bfc_allocator.cc:217] Ran out of memory trying to allocate 2.43GiB. The caller indicates that this is not a failure, but may mean that there could be performance gains if more memory is available.
W tensorflow/core/common_runtime/bfc_allocator.cc:217] Ran out of memory trying to allocate 2.43GiB. The caller indicates that this is not a failure, but may mean that there could be performance gains if more memory is available.
W tensorflow/core/common_runtime/bfc_allocator.cc:217] Ran out of memory trying to allocate 2.43GiB. The caller indicates that this is not a failure, but may mean that there could be performance gains if more memory is available.
W tensorflow/core/common_runtime/bfc_allocator.cc:217] Ran out of memory trying to allocate 2.43GiB. The caller indicates that this is not a failure, but may mean that there could be performance gains if more memory is available.
W tensorflow/core/common_runtime/bfc_allocator.cc:217] Ran out of memory trying to allocate 2.43GiB. The caller indicates that this is not a failure, but may mean that there could be performance gains if more memory is available.
W tensorflow/core/common_runtime/bfc_allocator.cc:217] Ran out of memory trying to allocate 2.43GiB. The caller indicates that this is not a failure, but may mean that there could be performance gains if more memory is available.
W tensorflow/core/common_runtime/bfc_allocator.cc:217] Ran out of memory trying to allocate 2.43GiB. The caller indicates that this is not a failure, but may mean that there could be performance gains if more memory is available.
W tensorflow/core/common_runtime/bfc_allocator.cc:217] Ran out of memory trying to allocate 2.43GiB. The caller indicates that this is not a failure, but may mean that there could be performance gains if more memory is available.
W tensorflow/core/common_runtime/bfc_allocator.cc:217] Ran out of memory trying to allocate 2.43GiB. The caller indicates that this is not a failure, but may mean that there could be performance gains if more memory is available.
slurmstepd: *** JOB 766410 ON nvb9 CANCELLED AT 2017-06-25T06:16:59 DUE TO TIME LIMIT ***
slurmstepd: *** JOB 766422 ON nvb12 CANCELLED AT 2017-06-26T18:39:05 DUE TO TIME LIMIT ***
slurmstepd: *** JOB 766421 ON nvb10 CANCELLED AT 2017-06-26T18:39:05 DUE TO TIME LIMIT ***
slurmstepd: *** JOB 766423 ON nvb14 CANCELLED AT 2017-06-26T18:39:05 DUE TO TIME LIMIT ***
